<?xml version="1.0" encoding="UTF-8"?>
<coverage generated="1519814492789" clover="3.2.0">
  <project timestamp="1519814492789" name="All files">
    <metrics statements="121" coveredstatements="67" conditionals="9" coveredconditionals="2" methods="22" coveredmethods="11" elements="152" coveredelements="80" complexity="0" loc="121" ncloc="121" packages="4" files="9" classes="9">
      <package name="FeedArbitration">
        <metrics statements="1" coveredstatements="1" conditionals="0" coveredconditionals="0" methods="0" coveredmethods="0"/>
        <file name="truffle.js" path="/Users/vsevolodgrudina/project/zap/FeedArbitration/truffle.js">
          <metrics statements="1" coveredstatements="1" conditionals="0" coveredconditionals="0" methods="0" coveredmethods="0"/>
          <line num="7" count="1" type="stmt"/>
        </file>
      </package>
      <package name="FeedArbitration.config">
        <metrics statements="3" coveredstatements="3" conditionals="0" coveredconditionals="0" methods="0" coveredmethods="0"/>
        <file name="index.js" path="/Users/vsevolodgrudina/project/zap/FeedArbitration/config/index.js">
          <metrics statements="1" coveredstatements="1" conditionals="0" coveredconditionals="0" methods="0" coveredmethods="0"/>
          <line num="1" count="1" type="stmt"/>
        </file>
        <file name="server.js" path="/Users/vsevolodgrudina/project/zap/FeedArbitration/config/server.js">
          <metrics statements="2" coveredstatements="2" conditionals="0" coveredconditionals="0" methods="0" coveredmethods="0"/>
          <line num="1" count="1" type="stmt"/>
          <line num="11" count="1" type="stmt"/>
        </file>
      </package>
      <package name="FeedArbitration.src.api">
        <metrics statements="48" coveredstatements="17" conditionals="5" coveredconditionals="1" methods="11" coveredmethods="3"/>
        <file name="ZapCurve.js" path="/Users/vsevolodgrudina/project/zap/FeedArbitration/src/api/ZapCurve.js">
          <metrics statements="14" coveredstatements="1" conditionals="3" coveredconditionals="0" methods="1" coveredmethods="0"/>
          <line num="2" count="0" type="stmt"/>
          <line num="3" count="0" type="stmt"/>
          <line num="4" count="0" type="stmt"/>
          <line num="5" count="0" type="stmt"/>
          <line num="10" count="0" type="stmt"/>
          <line num="12" count="0" type="stmt"/>
          <line num="14" count="0" type="stmt"/>
          <line num="15" count="0" type="stmt"/>
          <line num="18" count="0" type="stmt"/>
          <line num="19" count="0" type="stmt"/>
          <line num="22" count="0" type="stmt"/>
          <line num="23" count="0" type="stmt"/>
          <line num="26" count="0" type="stmt"/>
          <line num="30" count="1" type="stmt"/>
        </file>
        <file name="ZapOracle.js" path="/Users/vsevolodgrudina/project/zap/FeedArbitration/src/api/ZapOracle.js">
          <metrics statements="15" coveredstatements="2" conditionals="0" coveredconditionals="0" methods="5" coveredmethods="0"/>
          <line num="1" count="1" type="stmt"/>
          <line num="4" count="0" type="stmt"/>
          <line num="5" count="0" type="stmt"/>
          <line num="8" count="0" type="stmt"/>
          <line num="9" count="0" type="stmt"/>
          <line num="10" count="0" type="stmt"/>
          <line num="15" count="0" type="stmt"/>
          <line num="17" count="0" type="stmt"/>
          <line num="18" count="0" type="stmt"/>
          <line num="24" count="0" type="stmt"/>
          <line num="29" count="0" type="stmt"/>
          <line num="31" count="0" type="stmt"/>
          <line num="32" count="0" type="stmt"/>
          <line num="34" count="0" type="stmt"/>
          <line num="39" count="1" type="stmt"/>
        </file>
        <file name="ZapWrapper.js" path="/Users/vsevolodgrudina/project/zap/FeedArbitration/src/api/ZapWrapper.js">
          <metrics statements="7" coveredstatements="6" conditionals="2" coveredconditionals="1" methods="2" coveredmethods="2"/>
          <line num="1" count="1" type="stmt"/>
          <line num="3" count="1" type="stmt"/>
          <line num="5" count="2" type="stmt"/>
          <line num="10" count="2" type="cond" truecount="1" falsecount="1"/>
          <line num="11" count="2" type="stmt"/>
          <line num="13" count="0" type="stmt"/>
          <line num="15" count="2" type="stmt"/>
        </file>
        <file name="utils.js" path="/Users/vsevolodgrudina/project/zap/FeedArbitration/src/api/utils.js">
          <metrics statements="12" coveredstatements="8" conditionals="0" coveredconditionals="0" methods="3" coveredmethods="1"/>
          <line num="1" count="1" type="stmt"/>
          <line num="2" count="0" type="stmt"/>
          <line num="3" count="0" type="stmt"/>
          <line num="4" count="0" type="stmt"/>
          <line num="6" count="0" type="stmt"/>
          <line num="9" count="1" type="stmt"/>
          <line num="11" count="1" type="stmt"/>
          <line num="12" count="7" type="stmt"/>
          <line num="13" count="7" type="stmt"/>
          <line num="14" count="7" type="stmt"/>
          <line num="15" count="7" type="stmt"/>
          <line num="18" count="1" type="stmt"/>
        </file>
      </package>
      <package name="FeedArbitration.src.api.contracts">
        <metrics statements="69" coveredstatements="46" conditionals="4" coveredconditionals="1" methods="11" coveredmethods="8"/>
        <file name="ZapRegistry.js" path="/Users/vsevolodgrudina/project/zap/FeedArbitration/src/api/contracts/ZapRegistry.js">
          <metrics statements="42" coveredstatements="33" conditionals="0" coveredconditionals="0" methods="6" coveredmethods="5"/>
          <line num="2" count="1" type="stmt"/>
          <line num="3" count="1" type="stmt"/>
          <line num="4" count="1" type="stmt"/>
          <line num="9" count="1" type="stmt"/>
          <line num="11" count="1" type="stmt"/>
          <line num="22" count="1" type="stmt"/>
          <line num="23" count="1" type="stmt"/>
          <line num="24" count="1" type="stmt"/>
          <line num="25" count="1" type="stmt"/>
          <line num="26" count="1" type="stmt"/>
          <line num="36" count="1" type="stmt"/>
          <line num="37" count="1" type="stmt"/>
          <line num="38" count="1" type="stmt"/>
          <line num="39" count="1" type="stmt"/>
          <line num="40" count="1" type="stmt"/>
          <line num="41" count="1" type="stmt"/>
          <line num="49" count="0" type="stmt"/>
          <line num="59" count="1" type="stmt"/>
          <line num="60" count="1" type="stmt"/>
          <line num="61" count="1" type="stmt"/>
          <line num="62" count="1" type="stmt"/>
          <line num="63" count="1" type="stmt"/>
          <line num="64" count="1" type="stmt"/>
          <line num="65" count="1" type="stmt"/>
          <line num="73" count="0" type="stmt"/>
          <line num="80" count="1" type="stmt"/>
          <line num="81" count="1" type="stmt"/>
          <line num="82" count="1" type="stmt"/>
          <line num="83" count="4" type="stmt"/>
          <line num="84" count="1" type="stmt"/>
          <line num="85" count="1" type="stmt"/>
          <line num="86" count="1" type="stmt"/>
          <line num="87" count="1" type="stmt"/>
          <line num="93" count="1" type="stmt"/>
          <line num="99" count="0" type="stmt"/>
          <line num="100" count="0" type="stmt"/>
          <line num="101" count="0" type="stmt"/>
          <line num="104" count="0" type="stmt"/>
          <line num="105" count="0" type="stmt"/>
          <line num="112" count="0" type="stmt"/>
          <line num="114" count="0" type="stmt"/>
          <line num="119" count="1" type="stmt"/>
        </file>
        <file name="ZapToken.js" path="/Users/vsevolodgrudina/project/zap/FeedArbitration/src/api/contracts/ZapToken.js">
          <metrics statements="27" coveredstatements="13" conditionals="4" coveredconditionals="1" methods="5" coveredmethods="3"/>
          <line num="1" count="1" type="stmt"/>
          <line num="5" count="1" type="stmt"/>
          <line num="6" count="1" type="stmt"/>
          <line num="7" count="1" type="stmt"/>
          <line num="8" count="1" type="stmt"/>
          <line num="13" count="2" type="stmt"/>
          <line num="14" count="2" type="stmt"/>
          <line num="15" count="2" type="cond" truecount="1" falsecount="1"/>
          <line num="16" count="0" type="stmt"/>
          <line num="18" count="2" type="stmt"/>
          <line num="20" count="0" type="stmt"/>
          <line num="25" count="1" type="stmt"/>
          <line num="26" count="1" type="stmt"/>
          <line num="27" count="1" type="stmt"/>
          <line num="29" count="0" type="stmt"/>
          <line num="35" count="0" type="stmt"/>
          <line num="36" count="0" type="stmt"/>
          <line num="37" count="0" type="stmt"/>
          <line num="39" count="0" type="stmt"/>
          <line num="46" count="0" type="stmt"/>
          <line num="47" count="0" type="stmt"/>
          <line num="48" count="0" type="stmt"/>
          <line num="49" count="0" type="cond" truecount="0" falsecount="2"/>
          <line num="50" count="0" type="stmt"/>
          <line num="52" count="0" type="stmt"/>
          <line num="54" count="0" type="stmt"/>
          <line num="59" count="1" type="stmt"/>
        </file>
      </package>
    </metrics>
  </project>
</coverage>
