<?xml version="1.0" encoding="UTF-8"?>
<coverage generated="1519663755880" clover="3.2.0">
  <project timestamp="1519663755880" name="All files">
    <metrics statements="113" coveredstatements="65" conditionals="9" coveredconditionals="2" methods="24" coveredmethods="13" elements="146" coveredelements="80" complexity="0" loc="113" ncloc="113" packages="4" files="9" classes="9">
      <package name="FeedArbitration">
        <metrics statements="1" coveredstatements="1" conditionals="0" coveredconditionals="0" methods="0" coveredmethods="0"/>
        <file name="truffle.js" path="/Users/vsevolodgrudina/project/zap/FeedArbitration/truffle.js">
          <metrics statements="1" coveredstatements="1" conditionals="0" coveredconditionals="0" methods="0" coveredmethods="0"/>
          <line num="7" count="1" type="stmt"/>
        </file>
      </package>
      <package name="FeedArbitration.config">
        <metrics statements="3" coveredstatements="3" conditionals="0" coveredconditionals="0" methods="0" coveredmethods="0"/>
        <file name="index.js" path="/Users/vsevolodgrudina/project/zap/FeedArbitration/config/index.js">
          <metrics statements="1" coveredstatements="1" conditionals="0" coveredconditionals="0" methods="0" coveredmethods="0"/>
          <line num="1" count="1" type="stmt"/>
        </file>
        <file name="server.js" path="/Users/vsevolodgrudina/project/zap/FeedArbitration/config/server.js">
          <metrics statements="2" coveredstatements="2" conditionals="0" coveredconditionals="0" methods="0" coveredmethods="0"/>
          <line num="1" count="1" type="stmt"/>
          <line num="11" count="1" type="stmt"/>
        </file>
      </package>
      <package name="FeedArbitration.src.api">
        <metrics statements="47" coveredstatements="18" conditionals="5" coveredconditionals="1" methods="11" coveredmethods="4"/>
        <file name="ZapCurve.js" path="/Users/vsevolodgrudina/project/zap/FeedArbitration/src/api/ZapCurve.js">
          <metrics statements="14" coveredstatements="1" conditionals="3" coveredconditionals="0" methods="1" coveredmethods="0"/>
          <line num="2" count="0" type="stmt"/>
          <line num="3" count="0" type="stmt"/>
          <line num="4" count="0" type="stmt"/>
          <line num="5" count="0" type="stmt"/>
          <line num="10" count="0" type="stmt"/>
          <line num="12" count="0" type="stmt"/>
          <line num="14" count="0" type="stmt"/>
          <line num="15" count="0" type="stmt"/>
          <line num="18" count="0" type="stmt"/>
          <line num="19" count="0" type="stmt"/>
          <line num="22" count="0" type="stmt"/>
          <line num="23" count="0" type="stmt"/>
          <line num="26" count="0" type="stmt"/>
          <line num="30" count="1" type="stmt"/>
        </file>
        <file name="ZapOracle.js" path="/Users/vsevolodgrudina/project/zap/FeedArbitration/src/api/ZapOracle.js">
          <metrics statements="15" coveredstatements="7" conditionals="0" coveredconditionals="0" methods="5" coveredmethods="1"/>
          <line num="1" count="1" type="stmt"/>
          <line num="4" count="1" type="stmt"/>
          <line num="5" count="1" type="stmt"/>
          <line num="8" count="1" type="stmt"/>
          <line num="9" count="1" type="stmt"/>
          <line num="10" count="1" type="stmt"/>
          <line num="15" count="0" type="stmt"/>
          <line num="17" count="0" type="stmt"/>
          <line num="18" count="0" type="stmt"/>
          <line num="24" count="0" type="stmt"/>
          <line num="29" count="0" type="stmt"/>
          <line num="31" count="0" type="stmt"/>
          <line num="32" count="0" type="stmt"/>
          <line num="34" count="0" type="stmt"/>
          <line num="39" count="1" type="stmt"/>
        </file>
        <file name="ZapWrapper.js" path="/Users/vsevolodgrudina/project/zap/FeedArbitration/src/api/ZapWrapper.js">
          <metrics statements="7" coveredstatements="6" conditionals="2" coveredconditionals="1" methods="2" coveredmethods="2"/>
          <line num="1" count="1" type="stmt"/>
          <line num="3" count="1" type="stmt"/>
          <line num="5" count="2" type="stmt"/>
          <line num="10" count="2" type="cond" truecount="1" falsecount="1"/>
          <line num="11" count="2" type="stmt"/>
          <line num="13" count="0" type="stmt"/>
          <line num="15" count="2" type="stmt"/>
        </file>
        <file name="utils.js" path="/Users/vsevolodgrudina/project/zap/FeedArbitration/src/api/utils.js">
          <metrics statements="11" coveredstatements="4" conditionals="0" coveredconditionals="0" methods="3" coveredmethods="1"/>
          <line num="1" count="1" type="stmt"/>
          <line num="2" count="0" type="stmt"/>
          <line num="3" count="0" type="stmt"/>
          <line num="4" count="0" type="stmt"/>
          <line num="6" count="0" type="stmt"/>
          <line num="9" count="7" type="stmt"/>
          <line num="11" count="1" type="stmt"/>
          <line num="12" count="0" type="stmt"/>
          <line num="13" count="0" type="stmt"/>
          <line num="14" count="0" type="stmt"/>
          <line num="17" count="1" type="stmt"/>
        </file>
      </package>
      <package name="FeedArbitration.src.api.contracts">
        <metrics statements="62" coveredstatements="43" conditionals="4" coveredconditionals="1" methods="13" coveredmethods="9"/>
        <file name="ZapRegistry.js" path="/Users/vsevolodgrudina/project/zap/FeedArbitration/src/api/contracts/ZapRegistry.js">
          <metrics statements="36" coveredstatements="30" conditionals="0" coveredconditionals="0" methods="6" coveredmethods="6"/>
          <line num="2" count="1" type="stmt"/>
          <line num="3" count="1" type="stmt"/>
          <line num="4" count="1" type="stmt"/>
          <line num="7" count="1" type="stmt"/>
          <line num="9" count="1" type="stmt"/>
          <line num="20" count="1" type="stmt"/>
          <line num="21" count="1" type="stmt"/>
          <line num="22" count="1" type="stmt"/>
          <line num="23" count="1" type="stmt"/>
          <line num="24" count="1" type="stmt"/>
          <line num="30" count="1" type="stmt"/>
          <line num="31" count="1" type="stmt"/>
          <line num="32" count="1" type="stmt"/>
          <line num="40" count="0" type="stmt"/>
          <line num="45" count="1" type="stmt"/>
          <line num="46" count="1" type="stmt"/>
          <line num="47" count="1" type="stmt"/>
          <line num="48" count="1" type="stmt"/>
          <line num="56" count="0" type="stmt"/>
          <line num="61" count="1" type="stmt"/>
          <line num="62" count="1" type="stmt"/>
          <line num="63" count="1" type="stmt"/>
          <line num="64" count="4" type="stmt"/>
          <line num="65" count="1" type="stmt"/>
          <line num="71" count="1" type="stmt"/>
          <line num="77" count="1" type="stmt"/>
          <line num="78" count="1" type="stmt"/>
          <line num="79" count="1" type="stmt"/>
          <line num="80" count="1" type="stmt"/>
          <line num="83" count="1" type="stmt"/>
          <line num="84" count="0" type="stmt"/>
          <line num="87" count="0" type="stmt"/>
          <line num="88" count="0" type="stmt"/>
          <line num="91" count="0" type="stmt"/>
          <line num="93" count="1" type="stmt"/>
          <line num="98" count="1" type="stmt"/>
        </file>
        <file name="ZapToken.js" path="/Users/vsevolodgrudina/project/zap/FeedArbitration/src/api/contracts/ZapToken.js">
          <metrics statements="26" coveredstatements="13" conditionals="4" coveredconditionals="1" methods="7" coveredmethods="3"/>
          <line num="1" count="1" type="stmt"/>
          <line num="5" count="1" type="stmt"/>
          <line num="6" count="1" type="stmt"/>
          <line num="7" count="1" type="stmt"/>
          <line num="8" count="1" type="stmt"/>
          <line num="13" count="2" type="stmt"/>
          <line num="14" count="2" type="stmt"/>
          <line num="15" count="2" type="cond" truecount="1" falsecount="1"/>
          <line num="16" count="0" type="stmt"/>
          <line num="18" count="2" type="stmt"/>
          <line num="20" count="0" type="stmt"/>
          <line num="25" count="1" type="stmt"/>
          <line num="26" count="1" type="stmt"/>
          <line num="27" count="1" type="stmt"/>
          <line num="29" count="0" type="stmt"/>
          <line num="35" count="0" type="stmt"/>
          <line num="36" count="0" type="stmt"/>
          <line num="37" count="0" type="stmt"/>
          <line num="39" count="0" type="stmt"/>
          <line num="46" count="0" type="stmt"/>
          <line num="47" count="0" type="cond" truecount="0" falsecount="2"/>
          <line num="48" count="0" type="stmt"/>
          <line num="49" count="0" type="stmt"/>
          <line num="52" count="0" type="stmt"/>
          <line num="54" count="0" type="stmt"/>
          <line num="59" count="1" type="stmt"/>
        </file>
      </package>
    </metrics>
  </project>
</coverage>
